<?xml version="1.0" encoding="UTF-8"?>
<testsuite name="lotto.ApplicationTest" tests="2" skipped="0" failures="0" errors="0" timestamp="2023-11-08T11:13:50" hostname="KimSungSikui-MacBookPro.local" time="0.528">
  <properties/>
  <testcase name="예외 테스트()" classname="lotto.ApplicationTest" time="0.036"/>
  <testcase name="기능 테스트()" classname="lotto.ApplicationTest" time="0.492"/>
  <system-out><![CDATA[구입금액을 입력해 주세요.
[ERROR] 숫자만 입력해야 합니다.
구입금액을 입력해 주세요.
구입금액을 입력해 주세요.
8개를 구매했습니다.
[8, 21, 23, 41, 42, 43]
[3, 5, 11, 16, 32, 38]
[7, 11, 16, 35, 36, 44]
[1, 8, 11, 31, 41, 42]
[13, 14, 16, 38, 42, 45]
[7, 11, 30, 40, 42, 43]
[2, 13, 22, 32, 38, 45]
[1, 3, 5, 14, 22, 45]
당첨 번호를 입력해 주세요.
보너스 번호를 입력해 주세요.
Before : [0, 0, 0, 0, 0]
After : [0, 0, 0, 0, 0]
Before : [0, 0, 0, 0, 0]
After : [0, 0, 0, 0, 0]
Before : [0, 0, 0, 0, 0]
After : [0, 0, 0, 0, 0]
Before : [0, 0, 0, 0, 0]
After : [0, 0, 0, 0, 0]
Before : [0, 0, 0, 0, 0]
After : [0, 0, 0, 0, 0]
Before : [0, 0, 0, 0, 0]
After : [0, 0, 0, 0, 0]
Before : [0, 0, 0, 0, 0]
After : [0, 0, 0, 0, 0]
Before : [0, 0, 0, 0, 0]
After : [1, 0, 0, 0, 0]
당첨 통계 
 ---
3개 일치 (5,000원) - 1개
4개 일치 (50,000원) - 0개
5개 일치 (1,500,000원) - 0개
5개 일치, 보너스 볼 일치 (30,000,000원) - 0개
6개 일치 (2,000,000,000원) - 0개
총 수익률은 62.5%입니다.
]]></system-out>
  <system-err><![CDATA[]]></system-err>
</testsuite>
